Log opened
First Calling OpenSCManager() 
Log opened
First Calling OpenSCManager() 
 [TFTPD]CreateService error = 1073
Log opened
First Calling OpenSCManager() 
 [TFTPD]CreateService error = 1073
Log opened
First Calling OpenSCManager() 
 [TFTPD]CreateService error = 1073
Log opened
Log opened
Log opened
First Calling OpenSCManager() 
Log opened
First Calling OpenSCManager() 
Log opened
First Calling OpenSCManager() 
 [TFTPD]CreateService error = 1073
Log opened
First Calling OpenSCManager() 
 [TFTPD]CreateService error = 1073
Log opened
StartServiceCtrlDispatcher()...
[TFTPD] StartServiceCtrlDispatcher error = 1063
Log opened
First Calling OpenSCManager() 
 [TFTPD]CreateService error = 1073
Log opened
First Calling OpenSCManager() 
 [TFTPD]CreateService error = 1073
Log opened
First Calling OpenSCManager() 
 [TFTPD]CreateService error = 1073
Log opened
First Calling OpenSCManager() 
 [TFTPD]CreateService error = 1073
Log opened
First Calling OpenSCManager() 
Log opened
First Calling OpenSCManager() 
