3/19/2017 1:02:12 PM - PAINTworks Scheduled Maintenance started
3/19/2017 1:02:13 PM - File/Database Cleanup option selected
3/19/2017 1:02:13 PM - Backing up Alarm Log.mdf
3/19/2017 1:02:16 PM - Backing up ChangeLog.mdf
3/19/2017 1:02:16 PM - Backing up Process Data.mdf
3/19/2017 1:02:16 PM - Backing up Production Log.mdf
3/19/2017 1:02:17 PM - Backing up WeeklyReports.mdf
3/19/2017 1:02:17 PM - Deleting records older than 98 days from Alarm Log
3/19/2017 1:02:48 PM - Error: Alarm Log - Failed to delete expired records.
3/19/2017 1:02:48 PM - Deleting records older than 99 days from Changelog
3/19/2017 1:02:57 PM - Deleting records older than 99 days from Production Log
3/19/2017 1:02:59 PM - File/Database Cleanup  complete
3/19/2017 1:03:00 PM - Robot Backup option selected
3/19/2017 1:03:00 PM - Creating Robot backup folder C:\Paint\PW Robot Backups\2017_03_19_1303
3/19/2017 1:03:00 PM - Backing up RC_P2 to C:\Paint\PW Robot Backups\2017_03_19_1303\RC_P2
3/19/2017 1:03:01 PM - Backing up RC_P2 -bcked2-.ls
3/19/2017 1:03:02 PM - Backing up RC_P2 -bcked2-.tp
3/19/2017 1:03:02 PM - Backing up RC_P2 -bcked8-.ls
3/19/2017 1:03:02 PM - Backing up RC_P2 -bcked9-.ls
3/19/2017 1:03:02 PM - Backing up RC_P2 -bckedt-.ls
3/19/2017 1:03:02 PM - Backing up RC_P2 accntg.dg
3/19/2017 1:03:04 PM - Backing up RC_P2 axis.dg
3/19/2017 1:03:04 PM - Backing up RC_P2 backcont.dg
3/19/2017 1:03:04 PM - Backing up RC_P2 backdate.dt
3/19/2017 1:03:04 PM - Backing up RC_P2 bypass.ls
3/19/2017 1:03:04 PM - Backing up RC_P2 bypass.tp
3/19/2017 1:03:04 PM - Backing up RC_P2 chgcl01.va
3/19/2017 1:03:05 PM - Backing up RC_P2 chgcl01.vr
3/19/2017 1:03:05 PM - Backing up RC_P2 chgcl02.va
3/19/2017 1:03:06 PM - Backing up RC_P2 chgcl02.vr
3/19/2017 1:03:06 PM - Backing up RC_P2 chgcl03.va
3/19/2017 1:03:07 PM - Backing up RC_P2 chgcl03.vr
3/19/2017 1:03:07 PM - Backing up RC_P2 chgcl04.va
3/19/2017 1:03:08 PM - Backing up RC_P2 chgcl04.vr
3/19/2017 1:03:08 PM - Backing up RC_P2 chgcl05.va
3/19/2017 1:03:09 PM - Backing up RC_P2 chgcl05.vr
3/19/2017 1:03:09 PM - Backing up RC_P2 chgcl06.va
3/19/2017 1:03:10 PM - Backing up RC_P2 chgcl06.vr
3/19/2017 1:03:10 PM - Backing up RC_P2 chgcl07.va
3/19/2017 1:03:11 PM - Backing up RC_P2 chgcl07.vr
3/19/2017 1:03:11 PM - Backing up RC_P2 chgcl08.va
3/19/2017 1:03:12 PM - Backing up RC_P2 chgcl08.vr
3/19/2017 1:03:12 PM - Backing up RC_P2 chgcl09.va
3/19/2017 1:03:13 PM - Backing up RC_P2 chgcl09.vr
3/19/2017 1:03:13 PM - Backing up RC_P2 chgcl10.va
3/19/2017 1:03:14 PM - Backing up RC_P2 chgcl10.vr
3/19/2017 1:03:14 PM - Backing up RC_P2 chgcl11.va
3/19/2017 1:03:15 PM - Backing up RC_P2 chgcl11.vr
3/19/2017 1:03:15 PM - Backing up RC_P2 chgcl12.va
3/19/2017 1:03:16 PM - Backing up RC_P2 chgcl12.vr
3/19/2017 1:03:16 PM - Backing up RC_P2 chgcl13.va
3/19/2017 1:03:17 PM - Backing up RC_P2 chgcl13.vr
3/19/2017 1:03:17 PM - Backing up RC_P2 chgcl14.va
3/19/2017 1:03:18 PM - Backing up RC_P2 chgcl14.vr
3/19/2017 1:03:18 PM - Backing up RC_P2 chgcl15.va
3/19/2017 1:03:19 PM - Backing up RC_P2 chgcl15.vr
3/19/2017 1:03:19 PM - Backing up RC_P2 chgcl16.va
3/19/2017 1:03:20 PM - Backing up RC_P2 chgcl16.vr
3/19/2017 1:03:20 PM - Backing up RC_P2 chgcl17.va
3/19/2017 1:03:21 PM - Backing up RC_P2 chgcl17.vr
3/19/2017 1:03:21 PM - Backing up RC_P2 chgcl18.va
3/19/2017 1:03:22 PM - Backing up RC_P2 chgcl18.vr
3/19/2017 1:03:22 PM - Backing up RC_P2 chgcl19.va
3/19/2017 1:03:23 PM - Backing up RC_P2 chgcl19.vr
3/19/2017 1:03:23 PM - Backing up RC_P2 chgcl20.va
3/19/2017 1:03:24 PM - Backing up RC_P2 chgcl20.vr
3/19/2017 1:03:24 PM - Backing up RC_P2 chgcl21.va
3/19/2017 1:03:25 PM - Backing up RC_P2 chgcl21.vr
3/19/2017 1:03:25 PM - Backing up RC_P2 chgcl22.va
3/19/2017 1:03:26 PM - Backing up RC_P2 chgcl22.vr
3/19/2017 1:03:26 PM - Backing up RC_P2 chgcl23.va
3/19/2017 1:03:27 PM - Backing up RC_P2 chgcl23.vr
3/19/2017 1:03:27 PM - Backing up RC_P2 chgcl24.va
3/19/2017 1:03:28 PM - Backing up RC_P2 chgcl24.vr
3/19/2017 1:03:28 PM - Backing up RC_P2 chgcolxx.va
3/19/2017 1:03:29 PM - Backing up RC_P2 chgcolxx.vr
3/19/2017 1:03:29 PM - Backing up RC_P2 clnin.ls
3/19/2017 1:03:29 PM - Backing up RC_P2 clnin.tp
3/19/2017 1:03:29 PM - Backing up RC_P2 clnout.ls
3/19/2017 1:03:29 PM - Backing up RC_P2 clnout.tp
3/19/2017 1:03:29 PM - Backing up RC_P2 conslog.dg
3/19/2017 1:03:29 PM - Backing up RC_P2 constail.dg
3/19/2017 1:03:29 PM - Backing up RC_P2 ctmenu.dg
3/19/2017 1:03:30 PM - Backing up RC_P2 ctqmenu.dg
3/19/2017 1:03:30 PM - Backing up RC_P2 curpos.dg
3/19/2017 1:03:30 PM - Backing up RC_P2 dcschgd1.dg
3/19/2017 1:03:31 PM - Backing up RC_P2 dcschgd2.dg
3/19/2017 1:03:31 PM - Backing up RC_P2 dcschgd3.dg
3/19/2017 1:03:31 PM - Backing up RC_P2 dcsdiff.dg
3/19/2017 1:03:31 PM - Backing up RC_P2 dcsioc.sv
3/19/2017 1:03:31 PM - Backing up RC_P2 dcsioc.va
3/19/2017 1:03:31 PM - Backing up RC_P2 dcspos.sv
3/19/2017 1:03:31 PM - Backing up RC_P2 dcspos.va
3/19/2017 1:03:32 PM - Backing up RC_P2 dcsvrfy.dg
3/19/2017 1:03:32 PM - Backing up RC_P2 df_logi1.df
3/19/2017 1:03:32 PM - Backing up RC_P2 df_logi2.df
3/19/2017 1:03:32 PM - Backing up RC_P2 df_logi3.df
3/19/2017 1:03:32 PM - Backing up RC_P2 df_logi4.df
3/19/2017 1:03:32 PM - Backing up RC_P2 df_logi5.df
3/19/2017 1:03:32 PM - Backing up RC_P2 df_logi6.df
3/19/2017 1:03:32 PM - Backing up RC_P2 df_motn0.df
3/19/2017 1:03:32 PM - Backing up RC_P2 diocfgsv.io
3/19/2017 1:03:33 PM - Backing up RC_P2 diocfgsv.va
3/19/2017 1:03:33 PM - Backing up RC_P2 dmondef.sv
3/19/2017 1:03:33 PM - Backing up RC_P2 dmondef.va
3/19/2017 1:03:33 PM - Backing up RC_P2 easydbg.zip
3/19/2017 1:03:36 PM - Backing up RC_P2 eiplog.dg
3/19/2017 1:03:36 PM - Backing up RC_P2 email.dg
3/19/2017 1:03:36 PM - Backing up RC_P2 erract.ls
3/19/2017 1:03:36 PM - Backing up RC_P2 errall.ls
3/19/2017 1:03:36 PM - Backing up RC_P2 errapp.ls
3/19/2017 1:03:36 PM - Backing up RC_P2 errcomm.ls
3/19/2017 1:03:36 PM - Backing up RC_P2 errcurr.ls
3/19/2017 1:03:36 PM - Backing up RC_P2 errext.ls
3/19/2017 1:03:36 PM - Backing up RC_P2 errhist.ls
3/19/2017 1:03:36 PM - Backing up RC_P2 errmot.ls
3/19/2017 1:03:36 PM - Backing up RC_P2 errpwd.ls
3/19/2017 1:03:36 PM - Backing up RC_P2 errsys.ls
3/19/2017 1:03:37 PM - Backing up RC_P2 ethernet.dg
3/19/2017 1:03:37 PM - Backing up RC_P2 frame.dg
3/19/2017 1:03:37 PM - Backing up RC_P2 framevar.va
3/19/2017 1:03:37 PM - Backing up RC_P2 framevar.vr
3/19/2017 1:03:38 PM - Backing up RC_P2 ftplog.dg
3/19/2017 1:03:38 PM - Backing up RC_P2 getdata.ls
3/19/2017 1:03:38 PM - Backing up RC_P2 getdata.tp
3/19/2017 1:03:38 PM - Backing up RC_P2 goto_home.ls
3/19/2017 1:03:38 PM - Backing up RC_P2 goto_home.tp
3/19/2017 1:03:38 PM - Backing up RC_P2 graphics4d.dg
3/19/2017 1:03:38 PM - Backing up RC_P2 hist.ls
3/19/2017 1:03:38 PM - Backing up RC_P2 home.ls
3/19/2017 1:03:38 PM - Backing up RC_P2 home.tp
3/19/2017 1:03:38 PM - Backing up RC_P2 ioconfig.dg
3/19/2017 1:03:52 PM - Backing up RC_P2 iostate.dg
3/19/2017 1:03:54 PM - Backing up RC_P2 iostatus.cm
3/19/2017 1:03:55 PM - Backing up RC_P2 ipkdmp.zip
3/19/2017 1:03:55 PM - Backing up RC_P2 isdt.dt
3/19/2017 1:03:55 PM - Backing up RC_P2 isdtcfg.dt
3/19/2017 1:03:55 PM - Backing up RC_P2 j0100.ls
3/19/2017 1:03:55 PM - Backing up RC_P2 j0100.tp
3/19/2017 1:03:55 PM - Backing up RC_P2 j0101.ls
3/19/2017 1:03:55 PM - Backing up RC_P2 j0101.tp
3/19/2017 1:03:55 PM - Backing up RC_P2 j9800.ls
3/19/2017 1:03:55 PM - Backing up RC_P2 j9800.tp
3/19/2017 1:03:55 PM - Backing up RC_P2 lntkbck.sv
3/19/2017 1:03:55 PM - Backing up RC_P2 lntkbck.va
3/19/2017 1:03:55 PM - Backing up RC_P2 logbook.ls
3/19/2017 1:03:56 PM - Backing up RC_P2 macro.dg
3/19/2017 1:03:56 PM - Backing up RC_P2 mconvstart.ls
3/19/2017 1:03:56 PM - Backing up RC_P2 mconvstart.tp
3/19/2017 1:03:56 PM - Backing up RC_P2 mconvstop.ls
3/19/2017 1:03:56 PM - Backing up RC_P2 mconvstop.tp
3/19/2017 1:03:56 PM - Backing up RC_P2 memcheck.dg
3/19/2017 1:03:56 PM - Backing up RC_P2 memory.dg
3/19/2017 1:03:56 PM - Backing up RC_P2 mhome.ls
3/19/2017 1:03:57 PM - Backing up RC_P2 mhome.tp
3/19/2017 1:03:57 PM - Backing up RC_P2 midebug.va
3/19/2017 1:03:58 PM - Backing up RC_P2 midebug.vr
3/19/2017 1:03:58 PM - Backing up RC_P2 mixlogic.sv
3/19/2017 1:03:58 PM - Backing up RC_P2 mixlogic.va
3/19/2017 1:03:58 PM - Backing up RC_P2 mpdebug.va
3/19/2017 1:03:59 PM - Backing up RC_P2 mpdebug.vr
3/19/2017 1:03:59 PM - Backing up RC_P2 notify.dg
3/19/2017 1:03:59 PM - Backing up RC_P2 numreg.va
3/19/2017 1:03:59 PM - Backing up RC_P2 numreg.vr
3/19/2017 1:03:59 PM - Backing up RC_P2 orderfil.dat
3/19/2017 1:03:59 PM - Backing up RC_P2 p2dcs.ls
3/19/2017 1:03:59 PM - Backing up RC_P2 p2dcs.tp
3/19/2017 1:03:59 PM - Backing up RC_P2 p5bl.dt
3/19/2017 1:03:59 PM - Backing up RC_P2 padata1.dg
3/19/2017 1:03:59 PM - Backing up RC_P2 padebug1.dg
3/19/2017 1:03:59 PM - Backing up RC_P2 paerrmsg.va
3/19/2017 1:03:59 PM - Backing up RC_P2 paerrmsg.vr
3/19/2017 1:04:00 PM - Backing up RC_P2 paparmdb.va
3/19/2017 1:04:00 PM - Backing up RC_P2 paparmdb.vr
3/19/2017 1:04:00 PM - Backing up RC_P2 paps1.va
3/19/2017 1:04:04 PM - Backing up RC_P2 paps1.vr
3/19/2017 1:04:04 PM - Backing up RC_P2 papscchg.va
3/19/2017 1:04:05 PM - Backing up RC_P2 papscchg.vr
3/19/2017 1:04:05 PM - Backing up RC_P2 pashell.va
3/19/2017 1:04:05 PM - Backing up RC_P2 pashell.vr
3/19/2017 1:04:05 PM - Backing up RC_P2 passcfg.dg
3/19/2017 1:04:05 PM - Backing up RC_P2 password.dt
3/19/2017 1:04:05 PM - Backing up RC_P2 pavraccu.va
3/19/2017 1:04:05 PM - Backing up RC_P2 pavraccu.vr
3/19/2017 1:04:05 PM - Backing up RC_P2 pavrafgl.va
3/19/2017 1:04:05 PM - Backing up RC_P2 pavrafgl.vr
3/19/2017 1:04:05 PM - Backing up RC_P2 pavrafio.va
3/19/2017 1:04:05 PM - Backing up RC_P2 pavrafio.vr
3/19/2017 1:04:05 PM - Backing up RC_P2 pavraseq.va
3/19/2017 1:04:06 PM - Backing up RC_P2 pavraseq.vr
3/19/2017 1:04:06 PM - Backing up RC_P2 pavrccex.va
3/19/2017 1:04:06 PM - Backing up RC_P2 pavrccex.vr
3/19/2017 1:04:06 PM - Backing up RC_P2 pavrccio.va
3/19/2017 1:04:06 PM - Backing up RC_P2 pavrccio.vr
3/19/2017 1:04:06 PM - Backing up RC_P2 pavrchop.va
3/19/2017 1:04:06 PM - Backing up RC_P2 pavrchop.vr
3/19/2017 1:04:06 PM - Backing up RC_P2 pavrclph.va
3/19/2017 1:04:06 PM - Backing up RC_P2 pavrclph.vr
3/19/2017 1:04:06 PM - Backing up RC_P2 pavrdbcv.va
3/19/2017 1:04:06 PM - Backing up RC_P2 pavrdbcv.vr
3/19/2017 1:04:06 PM - Backing up RC_P2 pavrfunc.va
3/19/2017 1:04:06 PM - Backing up RC_P2 pavrfunc.vr
3/19/2017 1:04:07 PM - Backing up RC_P2 pavrguns.va
3/19/2017 1:04:07 PM - Backing up RC_P2 pavrguns.vr
3/19/2017 1:04:07 PM - Backing up RC_P2 pavric.va
3/19/2017 1:04:07 PM - Backing up RC_P2 pavric.vr
3/19/2017 1:04:07 PM - Backing up RC_P2 pavrichk.va
3/19/2017 1:04:07 PM - Backing up RC_P2 pavrichk.vr
3/19/2017 1:04:07 PM - Backing up RC_P2 pavripc.va
3/19/2017 1:04:07 PM - Backing up RC_P2 pavripc.vr
3/19/2017 1:04:07 PM - Backing up RC_P2 pavrlntr.va
3/19/2017 1:04:07 PM - Backing up RC_P2 pavrlntr.vr
3/19/2017 1:04:07 PM - Backing up RC_P2 pavrmcro.va
3/19/2017 1:04:07 PM - Backing up RC_P2 pavrmcro.vr
3/19/2017 1:04:07 PM - Backing up RC_P2 pavropnr.va
3/19/2017 1:04:07 PM - Backing up RC_P2 pavropnr.vr
3/19/2017 1:04:07 PM - Backing up RC_P2 pavroptn.va
3/19/2017 1:04:07 PM - Backing up RC_P2 pavroptn.vr
3/19/2017 1:04:07 PM - Backing up RC_P2 pavrpadg.va
3/19/2017 1:04:08 PM - Backing up RC_P2 pavrpadg.vr
3/19/2017 1:04:08 PM - Backing up RC_P2 pavrparm.va
3/19/2017 1:04:08 PM - Backing up RC_P2 pavrparm.vr
3/19/2017 1:04:08 PM - Backing up RC_P2 pavrprst.va
3/19/2017 1:04:08 PM - Backing up RC_P2 pavrprst.vr
3/19/2017 1:04:08 PM - Backing up RC_P2 pavrshio.va
3/19/2017 1:04:08 PM - Backing up RC_P2 pavrshio.vr
3/19/2017 1:04:08 PM - Backing up RC_P2 pavrspmv.va
3/19/2017 1:04:08 PM - Backing up RC_P2 pavrspmv.vr
3/19/2017 1:04:08 PM - Backing up RC_P2 pavrsysc.va
3/19/2017 1:04:09 PM - Backing up RC_P2 pavrsysc.vr
3/19/2017 1:04:09 PM - Backing up RC_P2 pavrtpr.va
3/19/2017 1:04:10 PM - Backing up RC_P2 pavrtpr.vr
3/19/2017 1:04:10 PM - Backing up RC_P2 pavrtsgl.va
3/19/2017 1:04:10 PM - Backing up RC_P2 pavrtsgl.vr
3/19/2017 1:04:10 PM - Backing up RC_P2 pavrzdt.va
3/19/2017 1:04:10 PM - Backing up RC_P2 pavrzdt.vr
3/19/2017 1:04:10 PM - Backing up RC_P2 port.dg
3/19/2017 1:04:10 PM - Backing up RC_P2 posreg.va
3/19/2017 1:04:10 PM - Backing up RC_P2 posreg.vr
3/19/2017 1:04:10 PM - Backing up RC_P2 pounce.ls
3/19/2017 1:04:11 PM - Backing up RC_P2 pounce.tp
3/19/2017 1:04:11 PM - Backing up RC_P2 prgstate.dg
3/19/2017 1:04:11 PM - Backing up RC_P2 psrbwld.cm
3/19/2017 1:04:11 PM - Backing up RC_P2 purge.ls
3/19/2017 1:04:11 PM - Backing up RC_P2 purge.tp
3/19/2017 1:04:11 PM - Backing up RC_P2 reprnone.ls
3/19/2017 1:04:11 PM - Backing up RC_P2 reprnone.tp
3/19/2017 1:04:11 PM - Backing up RC_P2 reprside.ls
3/19/2017 1:04:11 PM - Backing up RC_P2 reprside.tp
3/19/2017 1:04:11 PM - Backing up RC_P2 reprtop.ls
3/19/2017 1:04:11 PM - Backing up RC_P2 reprtop.tp
3/19/2017 1:04:11 PM - Backing up RC_P2 reptcd.dg
3/19/2017 1:04:11 PM - Backing up RC_P2 reqmenu.ls
3/19/2017 1:04:11 PM - Backing up RC_P2 reqmenu.tp
3/19/2017 1:04:11 PM - Backing up RC_P2 senddata.ls
3/19/2017 1:04:11 PM - Backing up RC_P2 senddata.tp
3/19/2017 1:04:11 PM - Backing up RC_P2 sendevnt.ls
3/19/2017 1:04:11 PM - Backing up RC_P2 sendevnt.tp
3/19/2017 1:04:12 PM - Backing up RC_P2 sendsysv.ls
3/19/2017 1:04:12 PM - Backing up RC_P2 sendsysv.tp
3/19/2017 1:04:12 PM - Backing up RC_P2 sftysig.dg
3/19/2017 1:04:12 PM - Backing up RC_P2 shadow.dg
3/19/2017 1:04:12 PM - Backing up RC_P2 smtplog.dg
3/19/2017 1:04:12 PM - Backing up RC_P2 special1.ls
3/19/2017 1:04:12 PM - Backing up RC_P2 special1.tp
3/19/2017 1:04:12 PM - Backing up RC_P2 special2.ls
3/19/2017 1:04:12 PM - Backing up RC_P2 special2.tp
3/19/2017 1:04:12 PM - Backing up RC_P2 strreg.va
3/19/2017 1:04:12 PM - Backing up RC_P2 strreg.vr
3/19/2017 1:04:12 PM - Backing up RC_P2 summary.dg
3/19/2017 1:04:28 PM - Backing up RC_P2 sycldint.va
3/19/2017 1:04:28 PM - Backing up RC_P2 symotn.va
3/19/2017 1:04:30 PM - Backing up RC_P2 synosave.va
3/19/2017 1:04:31 PM - Backing up RC_P2 syseip.sv
3/19/2017 1:04:31 PM - Backing up RC_P2 syseip.va
3/19/2017 1:04:32 PM - Backing up RC_P2 sysframe.sv
3/19/2017 1:04:32 PM - Backing up RC_P2 sysframe.va
3/19/2017 1:04:32 PM - Backing up RC_P2 sysfsac.sv
3/19/2017 1:04:32 PM - Backing up RC_P2 sysfsac.va
3/19/2017 1:04:32 PM - Backing up RC_P2 syshost.sv
3/19/2017 1:04:32 PM - Backing up RC_P2 syshost.va
3/19/2017 1:04:32 PM - Backing up RC_P2 sysmacro.sv
3/19/2017 1:04:32 PM - Backing up RC_P2 sysmacro.va
3/19/2017 1:04:32 PM - Backing up RC_P2 sysmast.sv
3/19/2017 1:04:32 PM - Backing up RC_P2 sysmast.va
3/19/2017 1:04:33 PM - Backing up RC_P2 syspass.sv
3/19/2017 1:04:33 PM - Backing up RC_P2 syspass.va
3/19/2017 1:04:33 PM - Backing up RC_P2 sysservo.sv
3/19/2017 1:04:33 PM - Backing up RC_P2 sysservo.va
3/19/2017 1:04:35 PM - Backing up RC_P2 system.va
3/19/2017 1:04:37 PM - Backing up RC_P2 sysuif.sv
3/19/2017 1:04:37 PM - Backing up RC_P2 sysuif.va
3/19/2017 1:04:37 PM - Backing up RC_P2 sysvars.sv
3/19/2017 1:04:38 PM - Backing up RC_P2 tasklist.dg
3/19/2017 1:04:38 PM - Backing up RC_P2 testrun.dg
3/19/2017 1:04:38 PM - Backing up RC_P2 timers.dg
3/19/2017 1:04:38 PM - Backing up RC_P2 todebug.va
3/19/2017 1:04:38 PM - Backing up RC_P2 todebug.vr
3/19/2017 1:04:39 PM - Backing up RC_P2 tooling4d.xml
3/19/2017 1:04:39 PM - Backing up RC_P2 tp2menu.dg
3/19/2017 1:04:40 PM - Backing up RC_P2 tpaccn.dg
3/19/2017 1:04:40 PM - Backing up RC_P2 tpeins.xml
3/19/2017 1:04:40 PM - Backing up RC_P2 tpglcfg.xml
3/19/2017 1:04:40 PM - Backing up RC_P2 tpmenpwd.dg
3/19/2017 1:04:41 PM - Backing up RC_P2 tpmenu.dg
3/19/2017 1:04:42 PM - Backing up RC_P2 tpqmenu.dg
3/19/2017 1:04:42 PM - Backing up RC_P2 tpscrn.zip
3/19/2017 1:04:45 PM - Backing up RC_P2 track.ls
3/19/2017 1:04:45 PM - Backing up RC_P2 track.tp
3/19/2017 1:04:45 PM - Backing up RC_P2 updates.dat
3/19/2017 1:04:45 PM - Backing up RC_P2 updtlog.ls
3/19/2017 1:04:45 PM - Backing up RC_P2 version.dg
3/19/2017 1:04:45 PM - Backing up RC_P2 vw_tig_x2_lb.ls
3/19/2017 1:04:46 PM - Backing up RC_P2 vw_tig_x2_lb.tp
3/19/2017 1:04:46 PM - Backing up RC_P2 vw_tig_x2_lf.ls
3/19/2017 1:04:46 PM - Backing up RC_P2 vw_tig_x2_lf.tp
3/19/2017 1:04:46 PM - Backing up RC_P2 workcell4d.xml
3/19/2017 1:04:46 PM - Backing up RC_P2 zero.ls
3/19/2017 1:04:46 PM - Backing up RC_P2 zero.tp
3/19/2017 1:04:46 PM - Backing up RC_P2 _mx_thc_f_8p_x1_10_10_16.ls
3/19/2017 1:04:46 PM - Backing up RC_P2 _mx_thc_f_8p_x1_10_10_16.tp
3/19/2017 1:04:46 PM - Backing up RC_B1 to C:\Paint\PW Robot Backups\2017_03_19_1303\RC_B1
3/19/2017 1:04:47 PM - Backing up RC_B1 -bcked2-.ls
3/19/2017 1:04:47 PM - Backing up RC_B1 -bcked2-.tp
3/19/2017 1:04:48 PM - Backing up RC_B1 -bcked8-.ls
3/19/2017 1:04:48 PM - Backing up RC_B1 -bcked9-.ls
3/19/2017 1:04:48 PM - Backing up RC_B1 -bckedt-.ls
3/19/2017 1:04:48 PM - Backing up RC_B1 accntg.dg
3/19/2017 1:04:50 PM - Backing up RC_B1 axis.dg
3/19/2017 1:04:50 PM - Backing up RC_B1 backcont.dg
3/19/2017 1:04:50 PM - Backing up RC_B1 backdate.dt
3/19/2017 1:04:50 PM - Backing up RC_B1 bypass.ls
3/19/2017 1:04:50 PM - Backing up RC_B1 bypass.tp
3/19/2017 1:04:50 PM - Backing up RC_B1 chgcl01.va
3/19/2017 1:04:51 PM - Backing up RC_B1 chgcl01.vr
3/19/2017 1:04:51 PM - Backing up RC_B1 chgcl02.va
3/19/2017 1:04:52 PM - Backing up RC_B1 chgcl02.vr
3/19/2017 1:04:52 PM - Backing up RC_B1 chgcl03.va
3/19/2017 1:04:53 PM - Backing up RC_B1 chgcl03.vr
3/19/2017 1:04:53 PM - Backing up RC_B1 chgcl04.va
3/19/2017 1:04:54 PM - Backing up RC_B1 chgcl04.vr
3/19/2017 1:04:54 PM - Backing up RC_B1 chgcl05.va
3/19/2017 1:04:55 PM - Backing up RC_B1 chgcl05.vr
3/19/2017 1:04:55 PM - Backing up RC_B1 chgcl06.va
3/19/2017 1:04:56 PM - Backing up RC_B1 chgcl06.vr
3/19/2017 1:04:56 PM - Backing up RC_B1 chgcl07.va
3/19/2017 1:04:57 PM - Backing up RC_B1 chgcl07.vr
3/19/2017 1:04:57 PM - Backing up RC_B1 chgcl08.va
3/19/2017 1:04:58 PM - Backing up RC_B1 chgcl08.vr
3/19/2017 1:04:58 PM - Backing up RC_B1 chgcl09.va
3/19/2017 1:04:59 PM - Backing up RC_B1 chgcl09.vr
3/19/2017 1:04:59 PM - Backing up RC_B1 chgcl10.va
3/19/2017 1:05:00 PM - Backing up RC_B1 chgcl10.vr
3/19/2017 1:05:00 PM - Backing up RC_B1 chgcl103.va
3/19/2017 1:05:01 PM - Backing up RC_B1 chgcl103.vr
3/19/2017 1:05:01 PM - Backing up RC_B1 chgcl11.va
3/19/2017 1:05:02 PM - Backing up RC_B1 chgcl11.vr
3/19/2017 1:05:02 PM - Backing up RC_B1 chgcl12.va
3/19/2017 1:05:03 PM - Backing up RC_B1 chgcl12.vr
3/19/2017 1:05:03 PM - Backing up RC_B1 chgcl13.va
3/19/2017 1:05:04 PM - Backing up RC_B1 chgcl13.vr
3/19/2017 1:05:04 PM - Backing up RC_B1 chgcl14.va
3/19/2017 1:05:05 PM - Backing up RC_B1 chgcl14.vr
3/19/2017 1:05:05 PM - Backing up RC_B1 chgcl15.va
3/19/2017 1:05:06 PM - Backing up RC_B1 chgcl15.vr
3/19/2017 1:05:06 PM - Backing up RC_B1 chgcl16.va
3/19/2017 1:05:07 PM - Backing up RC_B1 chgcl16.vr
3/19/2017 1:05:07 PM - Backing up RC_B1 chgcl17.va
3/19/2017 1:05:08 PM - Backing up RC_B1 chgcl17.vr
3/19/2017 1:05:08 PM - Backing up RC_B1 chgcl18.va
3/19/2017 1:05:09 PM - Backing up RC_B1 chgcl18.vr
3/19/2017 1:05:09 PM - Backing up RC_B1 chgcl19.va
3/19/2017 1:05:10 PM - Backing up RC_B1 chgcl19.vr
3/19/2017 1:05:10 PM - Backing up RC_B1 chgcl20.va
3/19/2017 1:05:11 PM - Backing up RC_B1 chgcl20.vr
3/19/2017 1:05:11 PM - Backing up RC_B1 chgcl21.va
3/19/2017 1:05:12 PM - Backing up RC_B1 chgcl21.vr
3/19/2017 1:05:12 PM - Backing up RC_B1 chgcl22.va
3/19/2017 1:05:13 PM - Backing up RC_B1 chgcl22.vr
3/19/2017 1:05:13 PM - Backing up RC_B1 chgcl23.va
3/19/2017 1:05:14 PM - Backing up RC_B1 chgcl23.vr
3/19/2017 1:05:14 PM - Backing up RC_B1 chgcl24.va
3/19/2017 1:05:15 PM - Backing up RC_B1 chgcl24.vr
3/19/2017 1:05:15 PM - Backing up RC_B1 chgcl25.va
3/19/2017 1:05:16 PM - Backing up RC_B1 chgcl25.vr
3/19/2017 1:05:16 PM - Backing up RC_B1 chgcl31.va
3/19/2017 1:05:17 PM - Backing up RC_B1 chgcl31.vr
3/19/2017 1:05:17 PM - Backing up RC_B1 chgcl99.va
3/19/2017 1:05:18 PM - Backing up RC_B1 chgcl99.vr
3/19/2017 1:05:18 PM - Backing up RC_B1 chgcolxx.va
3/19/2017 1:05:19 PM - Backing up RC_B1 chgcolxx.vr
3/19/2017 1:05:19 PM - Backing up RC_B1 clnin.ls
3/19/2017 1:05:19 PM - Backing up RC_B1 clnin.tp
3/19/2017 1:05:19 PM - Backing up RC_B1 clnout.ls
3/19/2017 1:05:19 PM - Backing up RC_B1 clnout.tp
3/19/2017 1:05:19 PM - Backing up RC_B1 conslog.dg
3/19/2017 1:05:19 PM - Backing up RC_B1 constail.dg
3/19/2017 1:05:19 PM - Backing up RC_B1 ctmenu.dg
3/19/2017 1:05:20 PM - Backing up RC_B1 ctqmenu.dg
3/19/2017 1:05:21 PM - Backing up RC_B1 curpos.dg
3/19/2017 1:05:21 PM - Backing up RC_B1 dcschgd1.dg
3/19/2017 1:05:21 PM - Backing up RC_B1 dcschgd2.dg
3/19/2017 1:05:21 PM - Backing up RC_B1 dcschgd3.dg
3/19/2017 1:05:21 PM - Backing up RC_B1 dcsdiff.dg
3/19/2017 1:05:21 PM - Backing up RC_B1 dcsioc.sv
3/19/2017 1:05:21 PM - Backing up RC_B1 dcsioc.va
3/19/2017 1:05:22 PM - Backing up RC_B1 dcspos.sv
3/19/2017 1:05:22 PM - Backing up RC_B1 dcspos.va
3/19/2017 1:05:22 PM - Backing up RC_B1 dcsvrfy.dg
3/19/2017 1:05:23 PM - Backing up RC_B1 df_logi1.df
3/19/2017 1:05:23 PM - Backing up RC_B1 df_logi2.df
3/19/2017 1:05:23 PM - Backing up RC_B1 df_logi3.df
3/19/2017 1:05:23 PM - Backing up RC_B1 df_logi4.df
3/19/2017 1:05:23 PM - Backing up RC_B1 df_logi5.df
3/19/2017 1:05:23 PM - Backing up RC_B1 df_logi6.df
3/19/2017 1:05:23 PM - Backing up RC_B1 diocfgsv.io
3/19/2017 1:05:23 PM - Backing up RC_B1 diocfgsv.va
3/19/2017 1:05:23 PM - Backing up RC_B1 dmondef.sv
3/19/2017 1:05:24 PM - Backing up RC_B1 dmondef.va
3/19/2017 1:05:24 PM - Backing up RC_B1 easydbg.zip
3/19/2017 1:05:27 PM - Backing up RC_B1 eiplog.dg
3/19/2017 1:05:27 PM - Backing up RC_B1 email.dg
3/19/2017 1:05:27 PM - Backing up RC_B1 erract.ls
3/19/2017 1:05:27 PM - Backing up RC_B1 errall.ls
3/19/2017 1:05:27 PM - Backing up RC_B1 errapp.ls
3/19/2017 1:05:27 PM - Backing up RC_B1 errcomm.ls
3/19/2017 1:05:27 PM - Backing up RC_B1 errcurr.ls
3/19/2017 1:05:28 PM - Backing up RC_B1 errext.ls
3/19/2017 1:05:28 PM - Backing up RC_B1 errhist.ls
3/19/2017 1:05:28 PM - Backing up RC_B1 errmot.ls
3/19/2017 1:05:28 PM - Backing up RC_B1 errpwd.ls
3/19/2017 1:05:28 PM - Backing up RC_B1 errsys.ls
3/19/2017 1:05:28 PM - Backing up RC_B1 ethernet.dg
3/19/2017 1:05:28 PM - Backing up RC_B1 frame.dg
3/19/2017 1:05:28 PM - Backing up RC_B1 framevar.va
3/19/2017 1:05:29 PM - Backing up RC_B1 framevar.vr
3/19/2017 1:05:29 PM - Backing up RC_B1 ftplog.dg
3/19/2017 1:05:29 PM - Backing up RC_B1 getdata.ls
3/19/2017 1:05:29 PM - Backing up RC_B1 getdata.tp
3/19/2017 1:05:29 PM - Backing up RC_B1 goto_home.ls
3/19/2017 1:05:29 PM - Backing up RC_B1 goto_home.tp
3/19/2017 1:05:29 PM - Backing up RC_B1 graphics4d.dg
3/19/2017 1:05:29 PM - Backing up RC_B1 hist.ls
3/19/2017 1:05:29 PM - Backing up RC_B1 home.ls
3/19/2017 1:05:29 PM - Backing up RC_B1 home.tp
3/19/2017 1:05:29 PM - Backing up RC_B1 ioconfig.dg
3/19/2017 1:05:44 PM - Backing up RC_B1 iostate.dg
3/19/2017 1:05:46 PM - Backing up RC_B1 iostatus.cm
3/19/2017 1:05:47 PM - Backing up RC_B1 ipkdmp.zip
3/19/2017 1:05:47 PM - Backing up RC_B1 isdt.dt
3/19/2017 1:05:47 PM - Backing up RC_B1 isdtcfg.dt
3/19/2017 1:05:47 PM - Backing up RC_B1 j0100.ls
3/19/2017 1:05:47 PM - Backing up RC_B1 j0100.tp
3/19/2017 1:05:47 PM - Backing up RC_B1 j0101.ls
3/19/2017 1:05:47 PM - Backing up RC_B1 j0101.tp
3/19/2017 1:05:47 PM - Backing up RC_B1 lntkbck.sv
3/19/2017 1:05:47 PM - Backing up RC_B1 lntkbck.va
3/19/2017 1:05:48 PM - Backing up RC_B1 logbook.ls
3/19/2017 1:05:48 PM - Backing up RC_B1 macro.dg
3/19/2017 1:05:48 PM - Backing up RC_B1 mconvstart.ls
3/19/2017 1:05:48 PM - Backing up RC_B1 mconvstart.tp
3/19/2017 1:05:48 PM - Backing up RC_B1 mconvstop.ls
3/19/2017 1:05:48 PM - Backing up RC_B1 mconvstop.tp
3/19/2017 1:05:49 PM - Backing up RC_B1 memcheck.dg
3/19/2017 1:05:49 PM - Backing up RC_B1 memory.dg
3/19/2017 1:05:49 PM - Backing up RC_B1 mhome.ls
3/19/2017 1:05:49 PM - Backing up RC_B1 mhome.tp
3/19/2017 1:05:49 PM - Backing up RC_B1 midebug.va
3/19/2017 1:05:50 PM - Backing up RC_B1 midebug.vr
3/19/2017 1:05:50 PM - Backing up RC_B1 mixlogic.sv
3/19/2017 1:05:50 PM - Backing up RC_B1 mixlogic.va
3/19/2017 1:05:51 PM - Backing up RC_B1 mpdebug.va
3/19/2017 1:05:51 PM - Backing up RC_B1 mpdebug.vr
3/19/2017 1:05:51 PM - Backing up RC_B1 notify.dg
3/19/2017 1:05:51 PM - Backing up RC_B1 numreg.va
3/19/2017 1:05:51 PM - Backing up RC_B1 numreg.vr
3/19/2017 1:05:51 PM - Backing up RC_B1 orderfil.dat
3/19/2017 1:05:51 PM - Backing up RC_B1 p5bl.dt
3/19/2017 1:05:51 PM - Backing up RC_B1 padata1.dg
3/19/2017 1:05:52 PM - Backing up RC_B1 padebug1.dg
3/19/2017 1:05:52 PM - Backing up RC_B1 paerrmsg.va
3/19/2017 1:05:52 PM - Backing up RC_B1 paerrmsg.vr
3/19/2017 1:05:52 PM - Backing up RC_B1 paparmdb.va
3/19/2017 1:05:52 PM - Backing up RC_B1 paparmdb.vr
3/19/2017 1:05:52 PM - Backing up RC_B1 paps1.va
3/19/2017 1:05:56 PM - Backing up RC_B1 paps1.vr
3/19/2017 1:05:57 PM - Backing up RC_B1 papscchg.va
3/19/2017 1:05:57 PM - Backing up RC_B1 papscchg.vr
3/19/2017 1:05:58 PM - Backing up RC_B1 pashell.va
3/19/2017 1:05:58 PM - Backing up RC_B1 pashell.vr
3/19/2017 1:05:58 PM - Backing up RC_B1 passcfg.dg
3/19/2017 1:05:58 PM - Backing up RC_B1 password.dt
3/19/2017 1:05:58 PM - Backing up RC_B1 pavraccu.va
3/19/2017 1:05:58 PM - Backing up RC_B1 pavraccu.vr
3/19/2017 1:05:58 PM - Backing up RC_B1 pavrafgl.va
3/19/2017 1:05:58 PM - Backing up RC_B1 pavrafgl.vr
3/19/2017 1:05:58 PM - Backing up RC_B1 pavrafio.va
3/19/2017 1:05:58 PM - Backing up RC_B1 pavrafio.vr
3/19/2017 1:05:58 PM - Backing up RC_B1 pavraseq.va
3/19/2017 1:05:58 PM - Backing up RC_B1 pavraseq.vr
3/19/2017 1:05:58 PM - Backing up RC_B1 pavrccex.va
3/19/2017 1:05:59 PM - Backing up RC_B1 pavrccex.vr
3/19/2017 1:05:59 PM - Backing up RC_B1 pavrccio.va
3/19/2017 1:05:59 PM - Backing up RC_B1 pavrccio.vr
3/19/2017 1:05:59 PM - Backing up RC_B1 pavrchop.va
3/19/2017 1:05:59 PM - Backing up RC_B1 pavrchop.vr
3/19/2017 1:05:59 PM - Backing up RC_B1 pavrclph.va
3/19/2017 1:05:59 PM - Backing up RC_B1 pavrclph.vr
3/19/2017 1:05:59 PM - Backing up RC_B1 pavrdbcv.va
3/19/2017 1:06:00 PM - Backing up RC_B1 pavrdbcv.vr
3/19/2017 1:06:00 PM - Backing up RC_B1 pavrfunc.va
3/19/2017 1:06:00 PM - Backing up RC_B1 pavrfunc.vr
3/19/2017 1:06:00 PM - Backing up RC_B1 pavrguns.va
3/19/2017 1:06:00 PM - Backing up RC_B1 pavrguns.vr
3/19/2017 1:06:00 PM - Backing up RC_B1 pavric.va
3/19/2017 1:06:00 PM - Backing up RC_B1 pavric.vr
3/19/2017 1:06:00 PM - Backing up RC_B1 pavrichk.va
3/19/2017 1:06:01 PM - Backing up RC_B1 pavrichk.vr
3/19/2017 1:06:01 PM - Backing up RC_B1 pavripc.va
3/19/2017 1:06:01 PM - Backing up RC_B1 pavripc.vr
3/19/2017 1:06:01 PM - Backing up RC_B1 pavrlntr.va
3/19/2017 1:06:01 PM - Backing up RC_B1 pavrlntr.vr
3/19/2017 1:06:01 PM - Backing up RC_B1 pavrmcro.va
3/19/2017 1:06:01 PM - Backing up RC_B1 pavrmcro.vr
3/19/2017 1:06:01 PM - Backing up RC_B1 pavropnr.va
3/19/2017 1:06:01 PM - Backing up RC_B1 pavropnr.vr
3/19/2017 1:06:01 PM - Backing up RC_B1 pavroptn.va
3/19/2017 1:06:01 PM - Backing up RC_B1 pavroptn.vr
3/19/2017 1:06:01 PM - Backing up RC_B1 pavrpadg.va
3/19/2017 1:06:01 PM - Backing up RC_B1 pavrpadg.vr
3/19/2017 1:06:01 PM - Backing up RC_B1 pavrparm.va
3/19/2017 1:06:02 PM - Backing up RC_B1 pavrparm.vr
3/19/2017 1:06:02 PM - Backing up RC_B1 pavrprst.va
3/19/2017 1:06:02 PM - Backing up RC_B1 pavrprst.vr
3/19/2017 1:06:02 PM - Backing up RC_B1 pavrshio.va
3/19/2017 1:06:02 PM - Backing up RC_B1 pavrshio.vr
3/19/2017 1:06:02 PM - Backing up RC_B1 pavrspmv.va
3/19/2017 1:06:02 PM - Backing up RC_B1 pavrspmv.vr
3/19/2017 1:06:02 PM - Backing up RC_B1 pavrsysc.va
3/19/2017 1:06:03 PM - Backing up RC_B1 pavrsysc.vr
3/19/2017 1:06:03 PM - Backing up RC_B1 pavrtpr.va
3/19/2017 1:06:04 PM - Backing up RC_B1 pavrtpr.vr
3/19/2017 1:06:04 PM - Backing up RC_B1 pavrtsgl.va
3/19/2017 1:06:04 PM - Backing up RC_B1 pavrtsgl.vr
3/19/2017 1:06:04 PM - Backing up RC_B1 pavrzdt.va
3/19/2017 1:06:04 PM - Backing up RC_B1 pavrzdt.vr
3/19/2017 1:06:04 PM - Backing up RC_B1 port.dg
3/19/2017 1:06:04 PM - Backing up RC_B1 posreg.va
3/19/2017 1:06:04 PM - Backing up RC_B1 posreg.vr
3/19/2017 1:06:04 PM - Backing up RC_B1 pounce.ls
3/19/2017 1:06:04 PM - Backing up RC_B1 pounce.tp
3/19/2017 1:06:04 PM - Backing up RC_B1 prgstate.dg
3/19/2017 1:06:05 PM - Backing up RC_B1 psrbwld.cm
3/19/2017 1:06:05 PM - Backing up RC_B1 purge.ls
3/19/2017 1:06:05 PM - Backing up RC_B1 purge.tp
3/19/2017 1:06:05 PM - Backing up RC_B1 reprnone.ls
3/19/2017 1:06:05 PM - Backing up RC_B1 reprnone.tp
3/19/2017 1:06:05 PM - Backing up RC_B1 reprside.ls
3/19/2017 1:06:05 PM - Backing up RC_B1 reprside.tp
3/19/2017 1:06:05 PM - Backing up RC_B1 reprtop.ls
3/19/2017 1:06:05 PM - Backing up RC_B1 reprtop.tp
3/19/2017 1:06:05 PM - Backing up RC_B1 reptcd.dg
3/19/2017 1:06:05 PM - Backing up RC_B1 reqmenu.ls
3/19/2017 1:06:05 PM - Backing up RC_B1 reqmenu.tp
3/19/2017 1:06:05 PM - Backing up RC_B1 senddata.ls
3/19/2017 1:06:05 PM - Backing up RC_B1 senddata.tp
3/19/2017 1:06:05 PM - Backing up RC_B1 sendevnt.ls
3/19/2017 1:06:05 PM - Backing up RC_B1 sendevnt.tp
3/19/2017 1:06:06 PM - Backing up RC_B1 sendsysv.ls
3/19/2017 1:06:06 PM - Backing up RC_B1 sendsysv.tp
3/19/2017 1:06:06 PM - Backing up RC_B1 sftysig.dg
3/19/2017 1:06:06 PM - Backing up RC_B1 shadow.dg
3/19/2017 1:06:06 PM - Backing up RC_B1 smtplog.dg
3/19/2017 1:06:06 PM - Backing up RC_B1 special1.ls
3/19/2017 1:06:06 PM - Backing up RC_B1 special1.tp
3/19/2017 1:06:06 PM - Backing up RC_B1 special2.ls
3/19/2017 1:06:06 PM - Backing up RC_B1 special2.tp
3/19/2017 1:06:06 PM - Backing up RC_B1 strreg.va
3/19/2017 1:06:06 PM - Backing up RC_B1 strreg.vr
3/19/2017 1:06:06 PM - Backing up RC_B1 summary.dg
3/19/2017 1:06:23 PM - Backing up RC_B1 sycldint.va
3/19/2017 1:06:23 PM - Backing up RC_B1 symotn.va
3/19/2017 1:06:25 PM - Backing up RC_B1 synosave.va
3/19/2017 1:06:26 PM - Backing up RC_B1 syseip.sv
3/19/2017 1:06:26 PM - Backing up RC_B1 syseip.va
3/19/2017 1:06:27 PM - Backing up RC_B1 sysframe.sv
3/19/2017 1:06:27 PM - Backing up RC_B1 sysframe.va
3/19/2017 1:06:27 PM - Backing up RC_B1 sysfsac.sv
3/19/2017 1:06:27 PM - Backing up RC_B1 sysfsac.va
3/19/2017 1:06:27 PM - Backing up RC_B1 syshost.sv
3/19/2017 1:06:27 PM - Backing up RC_B1 syshost.va
3/19/2017 1:06:27 PM - Backing up RC_B1 sysmacro.sv
3/19/2017 1:06:27 PM - Backing up RC_B1 sysmacro.va
3/19/2017 1:06:27 PM - Backing up RC_B1 sysmast.sv
3/19/2017 1:06:27 PM - Backing up RC_B1 sysmast.va
3/19/2017 1:06:28 PM - Backing up RC_B1 syspass.sv
3/19/2017 1:06:28 PM - Backing up RC_B1 syspass.va
3/19/2017 1:06:28 PM - Backing up RC_B1 sysservo.sv
3/19/2017 1:06:28 PM - Backing up RC_B1 sysservo.va
3/19/2017 1:06:30 PM - Backing up RC_B1 system.va
3/19/2017 1:06:32 PM - Backing up RC_B1 sysuif.sv
3/19/2017 1:06:32 PM - Backing up RC_B1 sysuif.va
3/19/2017 1:06:32 PM - Backing up RC_B1 sysvars.sv
3/19/2017 1:06:33 PM - Backing up RC_B1 tasklist.dg
3/19/2017 1:06:33 PM - Backing up RC_B1 testrun.dg
3/19/2017 1:06:33 PM - Backing up RC_B1 timers.dg
3/19/2017 1:06:33 PM - Backing up RC_B1 todebug.va
3/19/2017 1:06:34 PM - Backing up RC_B1 todebug.vr
3/19/2017 1:06:34 PM - Backing up RC_B1 tooling4d.xml
3/19/2017 1:06:34 PM - Backing up RC_B1 tp2menu.dg
3/19/2017 1:06:36 PM - Backing up RC_B1 tpaccn.dg
3/19/2017 1:06:36 PM - Backing up RC_B1 tpeins.xml
3/19/2017 1:06:36 PM - Backing up RC_B1 tpglcfg.xml
3/19/2017 1:06:36 PM - Backing up RC_B1 tpmenpwd.dg
3/19/2017 1:06:36 PM - Backing up RC_B1 tpmenu.dg
3/19/2017 1:06:37 PM - Backing up RC_B1 tpqmenu.dg
3/19/2017 1:06:38 PM - Backing up RC_B1 tpscrn.zip
3/19/2017 1:06:40 PM - Backing up RC_B1 updates.dat
3/19/2017 1:06:41 PM - Backing up RC_B1 updtlog.ls
3/19/2017 1:06:41 PM - Backing up RC_B1 version.dg
3/19/2017 1:06:41 PM - Backing up RC_B1 vw_tig_x1_lb.ls
3/19/2017 1:06:41 PM - Backing up RC_B1 vw_tig_x1_lb.tp
3/19/2017 1:06:41 PM - Backing up RC_B1 vw_tig_x1_lf.ls
3/19/2017 1:06:41 PM - Backing up RC_B1 vw_tig_x1_lf.tp
3/19/2017 1:06:41 PM - Backing up RC_B1 workcell4d.xml
3/19/2017 1:06:41 PM - Backing up RC_B1 zero.ls
3/19/2017 1:06:42 PM - Backing up RC_B1 zero.tp
3/19/2017 1:06:42 PM - Backing up RC_B1 _mx_thc_f_8p_x1_10_10_16.ls
3/19/2017 1:06:42 PM - Backing up RC_B1 _mx_thc_f_8p_x1_10_10_16.tp
3/19/2017 1:06:42 PM - Backing up RC_B2 to C:\Paint\PW Robot Backups\2017_03_19_1303\RC_B2
3/19/2017 1:06:43 PM - Backing up RC_B2 -bcked2-.ls
3/19/2017 1:06:43 PM - Backing up RC_B2 -bcked2-.tp
3/19/2017 1:06:43 PM - Backing up RC_B2 -bcked8-.ls
3/19/2017 1:06:43 PM - Backing up RC_B2 -bcked9-.ls
3/19/2017 1:06:43 PM - Backing up RC_B2 -bckedt-.ls
3/19/2017 1:06:43 PM - Backing up RC_B2 accntg.dg
3/19/2017 1:06:45 PM - Backing up RC_B2 axis.dg
3/19/2017 1:06:46 PM - Backing up RC_B2 backcont.dg
3/19/2017 1:06:46 PM - Backing up RC_B2 backdate.dt
3/19/2017 1:06:46 PM - Backing up RC_B2 bypass.ls
3/19/2017 1:06:46 PM - Backing up RC_B2 bypass.tp
3/19/2017 1:06:46 PM - Backing up RC_B2 chgcl01.va
3/19/2017 1:06:47 PM - Backing up RC_B2 chgcl01.vr
3/19/2017 1:06:47 PM - Backing up RC_B2 chgcl02.va
3/19/2017 1:06:48 PM - Backing up RC_B2 chgcl02.vr
3/19/2017 1:06:48 PM - Backing up RC_B2 chgcl03.va
3/19/2017 1:06:49 PM - Backing up RC_B2 chgcl03.vr
3/19/2017 1:06:49 PM - Backing up RC_B2 chgcl04.va
3/19/2017 1:06:50 PM - Backing up RC_B2 chgcl04.vr
3/19/2017 1:06:50 PM - Backing up RC_B2 chgcl05.va
3/19/2017 1:06:51 PM - Backing up RC_B2 chgcl05.vr
3/19/2017 1:06:51 PM - Backing up RC_B2 chgcl06.va
3/19/2017 1:06:52 PM - Backing up RC_B2 chgcl06.vr
3/19/2017 1:06:52 PM - Backing up RC_B2 chgcl07.va
3/19/2017 1:06:53 PM - Backing up RC_B2 chgcl07.vr
3/19/2017 1:06:53 PM - Backing up RC_B2 chgcl08.va
3/19/2017 1:06:54 PM - Backing up RC_B2 chgcl08.vr
3/19/2017 1:06:54 PM - Backing up RC_B2 chgcl09.va
3/19/2017 1:06:55 PM - Backing up RC_B2 chgcl09.vr
3/19/2017 1:06:55 PM - Backing up RC_B2 chgcl10.va
3/19/2017 1:06:56 PM - Backing up RC_B2 chgcl10.vr
3/19/2017 1:06:56 PM - Backing up RC_B2 chgcl103.va
3/19/2017 1:06:57 PM - Backing up RC_B2 chgcl103.vr
3/19/2017 1:06:57 PM - Backing up RC_B2 chgcl11.va
3/19/2017 1:06:58 PM - Backing up RC_B2 chgcl11.vr
3/19/2017 1:06:58 PM - Backing up RC_B2 chgcl12.va
3/19/2017 1:06:59 PM - Backing up RC_B2 chgcl12.vr
3/19/2017 1:06:59 PM - Backing up RC_B2 chgcl13.va
3/19/2017 1:07:00 PM - Backing up RC_B2 chgcl13.vr
3/19/2017 1:07:00 PM - Backing up RC_B2 chgcl14.va
3/19/2017 1:07:01 PM - Backing up RC_B2 chgcl14.vr
3/19/2017 1:07:01 PM - Backing up RC_B2 chgcl15.va
3/19/2017 1:07:02 PM - Backing up RC_B2 chgcl15.vr
3/19/2017 1:07:02 PM - Backing up RC_B2 chgcl16.va
3/19/2017 1:07:03 PM - Backing up RC_B2 chgcl16.vr
3/19/2017 1:07:03 PM - Backing up RC_B2 chgcl17.va
3/19/2017 1:07:04 PM - Backing up RC_B2 chgcl17.vr
3/19/2017 1:07:04 PM - Backing up RC_B2 chgcl18.va
3/19/2017 1:07:05 PM - Backing up RC_B2 chgcl18.vr
3/19/2017 1:07:05 PM - Backing up RC_B2 chgcl19.va
3/19/2017 1:07:06 PM - Backing up RC_B2 chgcl19.vr
3/19/2017 1:07:06 PM - Backing up RC_B2 chgcl20.va
3/19/2017 1:07:07 PM - Backing up RC_B2 chgcl20.vr
3/19/2017 1:07:07 PM - Backing up RC_B2 chgcl21.va
3/19/2017 1:07:08 PM - Backing up RC_B2 chgcl21.vr
3/19/2017 1:07:08 PM - Backing up RC_B2 chgcl22.va
3/19/2017 1:07:09 PM - Backing up RC_B2 chgcl22.vr
3/19/2017 1:07:09 PM - Backing up RC_B2 chgcl23.va
3/19/2017 1:07:09 PM - Backing up RC_B2 chgcl23.vr
3/19/2017 1:07:10 PM - Backing up RC_B2 chgcl24.va
3/19/2017 1:07:10 PM - Backing up RC_B2 chgcl24.vr
3/19/2017 1:07:11 PM - Backing up RC_B2 chgcl25.va
3/19/2017 1:07:11 PM - Backing up RC_B2 chgcl25.vr
3/19/2017 1:07:12 PM - Backing up RC_B2 chgcl31.va
3/19/2017 1:07:12 PM - Backing up RC_B2 chgcl31.vr
3/19/2017 1:07:13 PM - Backing up RC_B2 chgcl99.va
3/19/2017 1:07:13 PM - Backing up RC_B2 chgcl99.vr
3/19/2017 1:07:14 PM - Backing up RC_B2 chgcolxx.va
3/19/2017 1:07:14 PM - Backing up RC_B2 chgcolxx.vr
3/19/2017 1:07:15 PM - Backing up RC_B2 clnin.ls
3/19/2017 1:07:15 PM - Backing up RC_B2 clnin.tp
3/19/2017 1:07:15 PM - Backing up RC_B2 clnout.ls
3/19/2017 1:07:15 PM - Backing up RC_B2 clnout.tp
3/19/2017 1:07:15 PM - Backing up RC_B2 conslog.dg
3/19/2017 1:07:15 PM - Backing up RC_B2 constail.dg
3/19/2017 1:07:15 PM - Backing up RC_B2 ctmenu.dg
3/19/2017 1:07:16 PM - Backing up RC_B2 ctqmenu.dg
3/19/2017 1:07:16 PM - Backing up RC_B2 curpos.dg
3/19/2017 1:07:16 PM - Backing up RC_B2 dcschgd1.dg
3/19/2017 1:07:16 PM - Backing up RC_B2 dcschgd2.dg
3/19/2017 1:07:17 PM - Backing up RC_B2 dcschgd3.dg
3/19/2017 1:07:17 PM - Backing up RC_B2 dcsdiff.dg
3/19/2017 1:07:17 PM - Backing up RC_B2 dcsioc.sv
3/19/2017 1:07:17 PM - Backing up RC_B2 dcsioc.va
3/19/2017 1:07:17 PM - Backing up RC_B2 dcspos.sv
3/19/2017 1:07:17 PM - Backing up RC_B2 dcspos.va
3/19/2017 1:07:18 PM - Backing up RC_B2 dcsvrfy.dg
3/19/2017 1:07:18 PM - Backing up RC_B2 dfpagoff.df
3/19/2017 1:07:18 PM - Backing up RC_B2 dfpapnt.df
3/19/2017 1:07:18 PM - Backing up RC_B2 df_logi1.df
3/19/2017 1:07:18 PM - Backing up RC_B2 df_logi2.df
3/19/2017 1:07:18 PM - Backing up RC_B2 df_logi3.df
3/19/2017 1:07:18 PM - Backing up RC_B2 df_logi4.df
3/19/2017 1:07:18 PM - Backing up RC_B2 df_logi5.df
3/19/2017 1:07:18 PM - Backing up RC_B2 df_logi6.df
3/19/2017 1:07:18 PM - Backing up RC_B2 df_motn0.df
3/19/2017 1:07:18 PM - Backing up RC_B2 diocfgsv.io
3/19/2017 1:07:19 PM - Backing up RC_B2 diocfgsv.va
3/19/2017 1:07:19 PM - Backing up RC_B2 dmondef.sv
3/19/2017 1:07:19 PM - Backing up RC_B2 dmondef.va
3/19/2017 1:07:19 PM - Backing up RC_B2 easydbg.zip
3/19/2017 1:07:23 PM - Backing up RC_B2 eiplog.dg
3/19/2017 1:07:23 PM - Backing up RC_B2 email.dg
3/19/2017 1:07:23 PM - Backing up RC_B2 erract.ls
3/19/2017 1:07:23 PM - Backing up RC_B2 errall.ls
3/19/2017 1:07:23 PM - Backing up RC_B2 errapp.ls
3/19/2017 1:07:23 PM - Backing up RC_B2 errcomm.ls
3/19/2017 1:07:23 PM - Backing up RC_B2 errcurr.ls
3/19/2017 1:07:23 PM - Backing up RC_B2 errext.ls
3/19/2017 1:07:23 PM - Backing up RC_B2 errhist.ls
3/19/2017 1:07:23 PM - Backing up RC_B2 errmot.ls
3/19/2017 1:07:23 PM - Backing up RC_B2 errpwd.ls
3/19/2017 1:07:23 PM - Backing up RC_B2 errsys.ls
3/19/2017 1:07:23 PM - Backing up RC_B2 ethernet.dg
3/19/2017 1:07:24 PM - Backing up RC_B2 frame.dg
3/19/2017 1:07:24 PM - Backing up RC_B2 framevar.va
3/19/2017 1:07:24 PM - Backing up RC_B2 framevar.vr
3/19/2017 1:07:24 PM - Backing up RC_B2 ftplog.dg
3/19/2017 1:07:25 PM - Backing up RC_B2 getdata.ls
3/19/2017 1:07:25 PM - Backing up RC_B2 getdata.tp
3/19/2017 1:07:25 PM - Backing up RC_B2 goto_home.ls
3/19/2017 1:07:25 PM - Backing up RC_B2 goto_home.tp
3/19/2017 1:07:25 PM - Backing up RC_B2 graphics4d.dg
3/19/2017 1:07:25 PM - Backing up RC_B2 hist.ls
3/19/2017 1:07:25 PM - Backing up RC_B2 home.ls
3/19/2017 1:07:25 PM - Backing up RC_B2 home.tp
3/19/2017 1:07:25 PM - Backing up RC_B2 ioconfig.dg
3/19/2017 1:07:40 PM - Backing up RC_B2 iostate.dg
3/19/2017 1:07:42 PM - Backing up RC_B2 iostatus.cm
3/19/2017 1:07:42 PM - Backing up RC_B2 ipkdmp.zip
3/19/2017 1:07:42 PM - Backing up RC_B2 isdt.dt
3/19/2017 1:07:43 PM - Backing up RC_B2 isdtcfg.dt
3/19/2017 1:07:43 PM - Backing up RC_B2 j0100.ls
3/19/2017 1:07:43 PM - Backing up RC_B2 j0100.tp
3/19/2017 1:07:43 PM - Backing up RC_B2 j0101.ls
3/19/2017 1:07:43 PM - Backing up RC_B2 j0101.tp
3/19/2017 1:07:43 PM - Backing up RC_B2 lntkbck.sv
3/19/2017 1:07:43 PM - Backing up RC_B2 lntkbck.va
3/19/2017 1:07:43 PM - Backing up RC_B2 logbook.ls
3/19/2017 1:07:44 PM - Backing up RC_B2 macro.dg
3/19/2017 1:07:44 PM - Backing up RC_B2 mconvstart.ls
3/19/2017 1:07:44 PM - Backing up RC_B2 mconvstart.tp
3/19/2017 1:07:44 PM - Backing up RC_B2 mconvstop.ls
3/19/2017 1:07:44 PM - Backing up RC_B2 mconvstop.tp
3/19/2017 1:07:44 PM - Backing up RC_B2 memcheck.dg
3/19/2017 1:07:44 PM - Backing up RC_B2 memory.dg
3/19/2017 1:07:44 PM - Backing up RC_B2 mhome.ls
3/19/2017 1:07:44 PM - Backing up RC_B2 mhome.tp
3/19/2017 1:07:44 PM - Backing up RC_B2 midebug.va
3/19/2017 1:07:46 PM - Backing up RC_B2 midebug.vr
3/19/2017 1:07:46 PM - Backing up RC_B2 mixlogic.sv
3/19/2017 1:07:46 PM - Backing up RC_B2 mixlogic.va
3/19/2017 1:07:46 PM - Backing up RC_B2 mpdebug.va
3/19/2017 1:07:47 PM - Backing up RC_B2 mpdebug.vr
3/19/2017 1:07:47 PM - Backing up RC_B2 notify.dg
3/19/2017 1:07:47 PM - Backing up RC_B2 numreg.va
3/19/2017 1:07:47 PM - Backing up RC_B2 numreg.vr
3/19/2017 1:07:47 PM - Backing up RC_B2 orderfil.dat
3/19/2017 1:07:47 PM - Backing up RC_B2 p5bl.dt
3/19/2017 1:07:47 PM - Backing up RC_B2 padata1.dg
3/19/2017 1:07:47 PM - Backing up RC_B2 padebug1.dg
3/19/2017 1:07:47 PM - Backing up RC_B2 paerrmsg.va
3/19/2017 1:07:48 PM - Backing up RC_B2 paerrmsg.vr
3/19/2017 1:07:48 PM - Backing up RC_B2 paparmdb.va
3/19/2017 1:07:48 PM - Backing up RC_B2 paparmdb.vr
3/19/2017 1:07:48 PM - Backing up RC_B2 paps1.va
3/19/2017 1:07:52 PM - Backing up RC_B2 paps1.vr
3/19/2017 1:07:52 PM - Backing up RC_B2 papscchg.va
3/19/2017 1:07:53 PM - Backing up RC_B2 papscchg.vr
3/19/2017 1:07:53 PM - Backing up RC_B2 pashell.va
3/19/2017 1:07:53 PM - Backing up RC_B2 pashell.vr
3/19/2017 1:07:53 PM - Backing up RC_B2 passcfg.dg
3/19/2017 1:07:53 PM - Backing up RC_B2 password.dt
3/19/2017 1:07:53 PM - Backing up RC_B2 pavraccu.va
3/19/2017 1:07:53 PM - Backing up RC_B2 pavraccu.vr
3/19/2017 1:07:53 PM - Backing up RC_B2 pavrafgl.va
3/19/2017 1:07:53 PM - Backing up RC_B2 pavrafgl.vr
3/19/2017 1:07:54 PM - Backing up RC_B2 pavrafio.va
3/19/2017 1:07:54 PM - Backing up RC_B2 pavrafio.vr
3/19/2017 1:07:54 PM - Backing up RC_B2 pavraseq.va
3/19/2017 1:07:54 PM - Backing up RC_B2 pavraseq.vr
3/19/2017 1:07:54 PM - Backing up RC_B2 pavrccex.va
3/19/2017 1:07:54 PM - Backing up RC_B2 pavrccex.vr
3/19/2017 1:07:54 PM - Backing up RC_B2 pavrccio.va
3/19/2017 1:07:54 PM - Backing up RC_B2 pavrccio.vr
3/19/2017 1:07:54 PM - Backing up RC_B2 pavrchop.va
3/19/2017 1:07:54 PM - Backing up RC_B2 pavrchop.vr
3/19/2017 1:07:54 PM - Backing up RC_B2 pavrclph.va
3/19/2017 1:07:54 PM - Backing up RC_B2 pavrclph.vr
3/19/2017 1:07:54 PM - Backing up RC_B2 pavrdbcv.va
3/19/2017 1:07:55 PM - Backing up RC_B2 pavrdbcv.vr
3/19/2017 1:07:56 PM - Backing up RC_B2 pavrfunc.va
3/19/2017 1:07:56 PM - Backing up RC_B2 pavrfunc.vr
3/19/2017 1:07:56 PM - Backing up RC_B2 pavrguns.va
3/19/2017 1:07:56 PM - Backing up RC_B2 pavrguns.vr
3/19/2017 1:07:56 PM - Backing up RC_B2 pavric.va
3/19/2017 1:07:56 PM - Backing up RC_B2 pavric.vr
3/19/2017 1:07:56 PM - Backing up RC_B2 pavrichk.va
3/19/2017 1:07:56 PM - Backing up RC_B2 pavrichk.vr
3/19/2017 1:07:56 PM - Backing up RC_B2 pavripc.va
3/19/2017 1:07:56 PM - Backing up RC_B2 pavripc.vr
3/19/2017 1:07:56 PM - Backing up RC_B2 pavrlntr.va
3/19/2017 1:07:56 PM - Backing up RC_B2 pavrlntr.vr
3/19/2017 1:07:56 PM - Backing up RC_B2 pavrmcro.va
3/19/2017 1:07:56 PM - Backing up RC_B2 pavrmcro.vr
3/19/2017 1:07:56 PM - Backing up RC_B2 pavropnr.va
3/19/2017 1:07:56 PM - Backing up RC_B2 pavropnr.vr
3/19/2017 1:07:56 PM - Backing up RC_B2 pavroptn.va
3/19/2017 1:07:57 PM - Backing up RC_B2 pavroptn.vr
3/19/2017 1:07:57 PM - Backing up RC_B2 pavrpadg.va
3/19/2017 1:07:57 PM - Backing up RC_B2 pavrpadg.vr
3/19/2017 1:07:57 PM - Backing up RC_B2 pavrparm.va
3/19/2017 1:07:57 PM - Backing up RC_B2 pavrparm.vr
3/19/2017 1:07:57 PM - Backing up RC_B2 pavrprst.va
3/19/2017 1:07:57 PM - Backing up RC_B2 pavrprst.vr
3/19/2017 1:07:57 PM - Backing up RC_B2 pavrshio.va
3/19/2017 1:07:57 PM - Backing up RC_B2 pavrshio.vr
3/19/2017 1:07:58 PM - Backing up RC_B2 pavrspmv.va
3/19/2017 1:07:58 PM - Backing up RC_B2 pavrspmv.vr
3/19/2017 1:07:58 PM - Backing up RC_B2 pavrsysc.va
3/19/2017 1:07:58 PM - Backing up RC_B2 pavrsysc.vr
3/19/2017 1:07:59 PM - Backing up RC_B2 pavrtpr.va
3/19/2017 1:07:59 PM - Backing up RC_B2 pavrtpr.vr
3/19/2017 1:07:59 PM - Backing up RC_B2 pavrtsgl.va
3/19/2017 1:07:59 PM - Backing up RC_B2 pavrtsgl.vr
3/19/2017 1:07:59 PM - Backing up RC_B2 pavrzdt.va
3/19/2017 1:07:59 PM - Backing up RC_B2 pavrzdt.vr
3/19/2017 1:07:59 PM - Backing up RC_B2 port.dg
3/19/2017 1:08:00 PM - Backing up RC_B2 posreg.va
3/19/2017 1:08:00 PM - Backing up RC_B2 posreg.vr
3/19/2017 1:08:00 PM - Backing up RC_B2 pounce.ls
3/19/2017 1:08:00 PM - Backing up RC_B2 pounce.tp
3/19/2017 1:08:00 PM - Backing up RC_B2 prgstate.dg
3/19/2017 1:08:00 PM - Backing up RC_B2 psrbwld.cm
3/19/2017 1:08:00 PM - Backing up RC_B2 purge.ls
3/19/2017 1:08:00 PM - Backing up RC_B2 purge.tp
3/19/2017 1:08:00 PM - Backing up RC_B2 reprnone.ls
3/19/2017 1:08:00 PM - Backing up RC_B2 reprnone.tp
3/19/2017 1:08:00 PM - Backing up RC_B2 reprside.ls
3/19/2017 1:08:00 PM - Backing up RC_B2 reprside.tp
3/19/2017 1:08:00 PM - Backing up RC_B2 reprtop.ls
3/19/2017 1:08:00 PM - Backing up RC_B2 reprtop.tp
3/19/2017 1:08:00 PM - Backing up RC_B2 reptcd.dg
3/19/2017 1:08:00 PM - Backing up RC_B2 reqmenu.ls
3/19/2017 1:08:01 PM - Backing up RC_B2 reqmenu.tp
3/19/2017 1:08:01 PM - Backing up RC_B2 senddata.ls
3/19/2017 1:08:01 PM - Backing up RC_B2 senddata.tp
3/19/2017 1:08:01 PM - Backing up RC_B2 sendevnt.ls
3/19/2017 1:08:01 PM - Backing up RC_B2 sendevnt.tp
3/19/2017 1:08:01 PM - Backing up RC_B2 sendsysv.ls
3/19/2017 1:08:01 PM - Backing up RC_B2 sendsysv.tp
3/19/2017 1:08:01 PM - Backing up RC_B2 sftysig.dg
3/19/2017 1:08:01 PM - Backing up RC_B2 shadow.dg
3/19/2017 1:08:01 PM - Backing up RC_B2 smtplog.dg
3/19/2017 1:08:01 PM - Backing up RC_B2 special1.ls
3/19/2017 1:08:01 PM - Backing up RC_B2 special1.tp
3/19/2017 1:08:01 PM - Backing up RC_B2 special2.ls
3/19/2017 1:08:01 PM - Backing up RC_B2 special2.tp
3/19/2017 1:08:01 PM - Backing up RC_B2 strreg.va
3/19/2017 1:08:01 PM - Backing up RC_B2 strreg.vr
3/19/2017 1:08:01 PM - Backing up RC_B2 summary.dg
3/19/2017 1:08:18 PM - Backing up RC_B2 sycldint.va
3/19/2017 1:08:19 PM - Backing up RC_B2 symotn.va
3/19/2017 1:08:20 PM - Backing up RC_B2 synosave.va
3/19/2017 1:08:21 PM - Backing up RC_B2 syseip.sv
3/19/2017 1:08:21 PM - Backing up RC_B2 syseip.va
3/19/2017 1:08:22 PM - Backing up RC_B2 sysframe.sv
3/19/2017 1:08:22 PM - Backing up RC_B2 sysframe.va
3/19/2017 1:08:22 PM - Backing up RC_B2 sysfsac.sv
3/19/2017 1:08:22 PM - Backing up RC_B2 sysfsac.va
3/19/2017 1:08:22 PM - Backing up RC_B2 syshost.sv
3/19/2017 1:08:22 PM - Backing up RC_B2 syshost.va
3/19/2017 1:08:22 PM - Backing up RC_B2 sysmacro.sv
3/19/2017 1:08:22 PM - Backing up RC_B2 sysmacro.va
3/19/2017 1:08:23 PM - Backing up RC_B2 sysmast.sv
3/19/2017 1:08:23 PM - Backing up RC_B2 sysmast.va
3/19/2017 1:08:23 PM - Backing up RC_B2 syspass.sv
3/19/2017 1:08:23 PM - Backing up RC_B2 syspass.va
3/19/2017 1:08:23 PM - Backing up RC_B2 sysservo.sv
3/19/2017 1:08:23 PM - Backing up RC_B2 sysservo.va
3/19/2017 1:08:25 PM - Backing up RC_B2 system.va
3/19/2017 1:08:27 PM - Backing up RC_B2 sysuif.sv
3/19/2017 1:08:27 PM - Backing up RC_B2 sysuif.va
3/19/2017 1:08:28 PM - Backing up RC_B2 sysvars.sv
3/19/2017 1:08:28 PM - Backing up RC_B2 tasklist.dg
3/19/2017 1:08:29 PM - Backing up RC_B2 testrun.dg
3/19/2017 1:08:29 PM - Backing up RC_B2 timers.dg
3/19/2017 1:08:29 PM - Backing up RC_B2 todebug.va
3/19/2017 1:08:29 PM - Backing up RC_B2 todebug.vr
3/19/2017 1:08:29 PM - Backing up RC_B2 tooling4d.xml
3/19/2017 1:08:29 PM - Backing up RC_B2 tp2menu.dg
3/19/2017 1:08:31 PM - Backing up RC_B2 tpaccn.dg
3/19/2017 1:08:31 PM - Backing up RC_B2 tpeins.xml
3/19/2017 1:08:31 PM - Backing up RC_B2 tpglcfg.xml
3/19/2017 1:08:31 PM - Backing up RC_B2 tpmenpwd.dg
3/19/2017 1:08:32 PM - Backing up RC_B2 tpmenu.dg
3/19/2017 1:08:33 PM - Backing up RC_B2 tpqmenu.dg
3/19/2017 1:08:33 PM - Backing up RC_B2 tpscrn.zip
3/19/2017 1:08:36 PM - Backing up RC_B2 updates.dat
3/19/2017 1:08:36 PM - Backing up RC_B2 updtlog.ls
3/19/2017 1:08:36 PM - Backing up RC_B2 version.dg
3/19/2017 1:08:36 PM - Backing up RC_B2 vw_tig_x2_lb.ls
3/19/2017 1:08:37 PM - Backing up RC_B2 vw_tig_x2_lb.tp
3/19/2017 1:08:37 PM - Backing up RC_B2 vw_tig_x2_lf.ls
3/19/2017 1:08:37 PM - Backing up RC_B2 vw_tig_x2_lf.tp
3/19/2017 1:08:37 PM - Backing up RC_B2 workcell4d.xml
3/19/2017 1:08:37 PM - Backing up RC_B2 zero.ls
3/19/2017 1:08:37 PM - Backing up RC_B2 zero.tp
3/19/2017 1:08:37 PM - Backing up RC_B2 _mx_thc_f_8p_x1_10_10_16.ls
3/19/2017 1:08:37 PM - Backing up RC_B2 _mx_thc_f_8p_x1_10_10_16.tp
3/19/2017 1:08:38 PM - Robot Backup  complete
3/19/2017 1:08:38 PM - PAINTworks File Backup option selected
3/19/2017 1:08:38 PM - Creating PAINTworks backup folder C:\AutoBackups\2017_03_19_1308
3/19/2017 1:08:39 PM - Backing up C:\Paint\Database\Base to  C:\AutoBackups\2017_03_19_1308
3/19/2017 1:08:40 PM - Backing up C:\Paint\Master Backups to  C:\AutoBackups\2017_03_19_1308
3/19/2017 1:08:40 PM - Backing up C:\Paint\PW Robot Backups to  C:\AutoBackups\2017_03_19_1308
3/19/2017 1:08:46 PM - Deleting expired robot backup folder C:\Paint\PW Robot Backups\2016_09_29_1233
3/19/2017 1:08:46 PM - Backing up C:\Paint\Temp Backups to  C:\AutoBackups\2017_03_19_1308
3/19/2017 1:08:47 PM - Backing up C:\Paint\Robot Image Backups to  C:\AutoBackups\2017_03_19_1308
3/19/2017 1:08:50 PM - Backing up C:\Paint\PLC to  C:\AutoBackups\2017_03_19_1308
3/19/2017 1:08:51 PM - Backing up C:\Paint\Database to  C:\AutoBackups\Database
3/19/2017 1:08:55 PM - PAINTworks File Backup  complete
3/19/2017 1:08:55 PM - PAINTworks Scheduled Maintenance complete
